framework/build/intermediates/manifest_merge_blame_file/debug/manifest-merger-blame-debug-report.txt
1<?xml version="1.0" encoding="utf-8"?>
2<manifest xmlns:android="http://schemas.android.com/apk/res/android"
3    package="com.example.framework"
4    android:versionCode="1"
5    android:versionName="1.0" >
6
7    <uses-sdk
8        android:minSdkVersion="17"
8-->src\main\AndroidManifest.xml
9        android:targetSdkVersion="29" />
9-->src\main\AndroidManifest.xml
10
11    <application>
11-->src\main\AndroidManifest.xml:7:5-24:19
12        <service
12-->src\main\AndroidManifest.xml:8:9-16:19
13            android:name="com.example.framework.service.StepRemoteService"
13-->src\main\AndroidManifest.xml:8:18-80
14            android:enabled="true"
14-->src\main\AndroidManifest.xml:10:13-35
15            android:exported="true"
15-->src\main\AndroidManifest.xml:9:13-36
16            android:process="remote.service.two" >
16-->src\main\AndroidManifest.xml:11:13-49
17        </service>
18        <service
18-->src\main\AndroidManifest.xml:17:9-23:19
19            android:name="com.example.framework.service.StepLocalService"
19-->src\main\AndroidManifest.xml:17:18-79
20            android:enabled="true"
20-->src\main\AndroidManifest.xml:19:13-35
21            android:exported="true" >
21-->src\main\AndroidManifest.xml:18:13-36
22        </service>
23    </application>
24
25</manifest>